[38;5;6m [38;5;5m03:22:42.59 [0m
[38;5;6m [38;5;5m03:22:42.60 [0m[1mWelcome to the Bitnami spark container[0m
[38;5;6m [38;5;5m03:22:42.61 [0mSubscribe to project updates by watching [1mhttps://github.com/bitnami/bitnami-docker-spark[0m
[38;5;6m [38;5;5m03:22:42.61 [0mSubmit issues and feature requests at [1mhttps://github.com/bitnami/bitnami-docker-spark/issues[0m
[38;5;6m [38;5;5m03:22:42.62 [0m
[38;5;6m [38;5;5m03:22:42.64 [0m[38;5;2mINFO [0m ==> ** Starting Spark setup **
realpath: /bitnami/spark/conf: No such file or directory
[38;5;6m [38;5;5m03:22:42.71 [0m[38;5;2mINFO [0m ==> Generating Spark configuration file...
[38;5;6m [38;5;5m03:22:42.72 [0m[38;5;2mINFO [0m ==> ** Spark setup finished! **

[38;5;6m [38;5;5m03:22:42.77 [0m[38;5;2mINFO [0m ==> ** Starting Spark in worker mode **
starting org.apache.spark.deploy.worker.Worker, logging to /opt/bitnami/spark/logs/spark--org.apache.spark.deploy.worker.Worker-1-dc834495c7ec.out
Spark Command: /opt/bitnami/java/bin/java -cp /opt/bitnami/spark/conf/:/opt/bitnami/spark/jars/* -Xmx1g org.apache.spark.deploy.worker.Worker --webui-port 8081 spark://spark:7077
========================================
Using Spark's default log4j profile: org/apache/spark/log4j-defaults.properties
24/09/14 03:22:48 INFO Worker: Started daemon with process name: 38@dc834495c7ec
24/09/14 03:22:48 INFO SignalUtils: Registering signal handler for TERM
24/09/14 03:22:48 INFO SignalUtils: Registering signal handler for HUP
24/09/14 03:22:48 INFO SignalUtils: Registering signal handler for INT
24/09/14 03:22:50 WARN NativeCodeLoader: Unable to load native-hadoop library for your platform... using builtin-java classes where applicable
24/09/14 03:22:50 INFO SecurityManager: Changing view acls to: spark
24/09/14 03:22:50 INFO SecurityManager: Changing modify acls to: spark
24/09/14 03:22:50 INFO SecurityManager: Changing view acls groups to: 
24/09/14 03:22:50 INFO SecurityManager: Changing modify acls groups to: 
24/09/14 03:22:50 INFO SecurityManager: SecurityManager: authentication disabled; ui acls disabled; users  with view permissions: Set(spark); groups with view permissions: Set(); users  with modify permissions: Set(spark); groups with modify permissions: Set()
24/09/14 03:22:53 INFO Utils: Successfully started service 'sparkWorker' on port 43813.
24/09/14 03:22:53 INFO Worker: Worker decommissioning not enabled.
24/09/14 03:22:54 INFO Worker: Starting Spark worker 172.18.0.5:43813 with 1 cores, 1024.0 MiB RAM
24/09/14 03:22:54 INFO Worker: Running Spark version 3.2.1
24/09/14 03:22:54 INFO Worker: Spark home: /opt/bitnami/spark
24/09/14 03:22:55 INFO ResourceUtils: ==============================================================
24/09/14 03:22:55 INFO ResourceUtils: No custom resources configured for spark.worker.
24/09/14 03:22:55 INFO ResourceUtils: ==============================================================
24/09/14 03:22:55 INFO Utils: Successfully started service 'WorkerUI' on port 8081.
24/09/14 03:22:55 INFO WorkerWebUI: Bound WorkerWebUI to 0.0.0.0, and started at http://dc834495c7ec:8081
24/09/14 03:22:56 INFO Worker: Connecting to master spark:7077...
24/09/14 03:22:56 INFO TransportClientFactory: Successfully created connection to spark/172.18.0.3:7077 after 178 ms (0 ms spent in bootstraps)
24/09/14 03:22:57 INFO Worker: Successfully registered with master spark://cea0d5d05998:7077
