[38;5;6m [38;5;5m03:22:42.59 [0m
[38;5;6m [38;5;5m03:22:42.60 [0m[1mWelcome to the Bitnami spark container[0m

starting org.apache.spark.deploy.master.Master, logging to /opt/bitnami/spark/logs/spark--org.apache.spark.deploy.master.Master-1-cea0d5d05998.out
[38;5;6m [38;5;5m03:22:42.61 [0mSubscribe to project updates by watching [1mhttps://github.com/bitnami/bitnami-docker-spark[0m
[38;5;6m [38;5;5m03:22:42.61 [0mSubmit issues and feature requests at [1mhttps://github.com/bitnami/bitnami-docker-spark/issues[0m
[38;5;6m [38;5;5m03:22:42.62 [0m
[38;5;6m [38;5;5m03:22:42.64 [0m[38;5;2mINFO [0m ==> ** Starting Spark setup **
realpath: /bitnami/spark/conf: No such file or directory
[38;5;6m [38;5;5m03:22:42.70 [0m[38;5;2mINFO [0m ==> Generating Spark configuration file...
[38;5;6m [38;5;5m03:22:42.71 [0m[38;5;2mINFO [0m ==> ** Spark setup finished! **
[38;5;6m [38;5;5m03:22:42.76 [0m[38;5;2mINFO [0m ==> ** Starting Spark in master mode **
Spark Command: /opt/bitnami/java/bin/java -cp /opt/bitnami/spark/conf/:/opt/bitnami/spark/jars/* -Xmx1g org.apache.spark.deploy.master.Master --host cea0d5d05998 --port 7077 --webui-port 8080
========================================
Using Spark's default log4j profile: org/apache/spark/log4j-defaults.properties
24/09/14 03:22:48 INFO Master: Started daemon with process name: 40@cea0d5d05998
24/09/14 03:22:48 INFO SignalUtils: Registering signal handler for TERM
24/09/14 03:22:48 INFO SignalUtils: Registering signal handler for HUP
24/09/14 03:22:48 INFO SignalUtils: Registering signal handler for INT
24/09/14 03:22:50 WARN NativeCodeLoader: Unable to load native-hadoop library for your platform... using builtin-java classes where applicable
24/09/14 03:22:51 INFO SecurityManager: Changing view acls to: spark
24/09/14 03:22:51 INFO SecurityManager: Changing modify acls to: spark
24/09/14 03:22:51 INFO SecurityManager: Changing view acls groups to: 
24/09/14 03:22:51 INFO SecurityManager: Changing modify acls groups to: 
24/09/14 03:22:51 INFO SecurityManager: SecurityManager: authentication disabled; ui acls disabled; users  with view permissions: Set(spark); groups with view permissions: Set(); users  with modify permissions: Set(spark); groups with modify permissions: Set()
24/09/14 03:22:53 INFO Utils: Successfully started service 'sparkMaster' on port 7077.
24/09/14 03:22:53 INFO Master: Starting Spark master at spark://cea0d5d05998:7077
24/09/14 03:22:53 INFO Master: Running Spark version 3.2.1
24/09/14 03:22:55 INFO Utils: Successfully started service 'MasterUI' on port 8080.
24/09/14 03:22:55 INFO MasterWebUI: Bound MasterWebUI to 0.0.0.0, and started at http://cea0d5d05998:8080
24/09/14 03:22:56 INFO Master: I have been elected leader! New state: ALIVE
24/09/14 03:22:57 INFO Master: Registering worker 172.18.0.5:43813 with 1 cores, 1024.0 MiB RAM
